[ 2015-05-07T09:05:11+08:00 ] 192.168.1.109 /first/androidSync.php/Home/Goods/ajax_goods_type_list/
INFO: [ app_init ] --START--
INFO: Run Behavior\BuildLiteBehavior [ RunTime:0.000000s ]
INFO: [ app_init ] --END-- [ RunTime:0.047002s ]
INFO: [ app_begin ] --START--
INFO: Run Behavior\ReadHtmlCacheBehavior [ RunTime:0.011001s ]
INFO: [ app_begin ] --END-- [ RunTime:0.011001s ]
SQL: SHOW COLUMNS FROM `think_goods_type` [ RunTime:0.1310s ]
SQL: SELECT count(gtypeid) as total FROM `think_goods_type`  [ RunTime:0.0010s ]
NOTIC: [8] Undefined index: total D:\wamp\www\First\AndroidSync\Home\Controller\GoodsController.class.php 第 51 行.
SQL: SELECT * FROM `think_goods_type` ORDER BY gtypeid desc LIMIT 0,16   [ RunTime:0.0010s ]

[ 2015-05-07T09:06:58+08:00 ] 192.168.1.109 /first/androidSync.php/Home/User/register/
INFO: [ app_init ] --START--
INFO: Run Behavior\BuildLiteBehavior [ RunTime:0.000000s ]
INFO: [ app_init ] --END-- [ RunTime:0.001000s ]
INFO: [ app_begin ] --START--
INFO: Run Behavior\ReadHtmlCacheBehavior [ RunTime:0.001000s ]
INFO: [ app_begin ] --END-- [ RunTime:0.001000s ]
SQL: SHOW COLUMNS FROM `think_user` [ RunTime:0.0190s ]
SQL: SELECT * FROM `think_user` WHERE `username` = '阿茂'  [ RunTime:0.0170s ]
INFO: [ app_end ] --START--
INFO: Run Behavior\ShowPageTraceBehavior [ RunTime:0.001000s ]
INFO: [ app_end ] --END-- [ RunTime:0.001000s ]

[ 2015-05-07T09:57:37+08:00 ] 192.168.1.102 /first/androidSync.php/Home/Goods/ajax_goods_type_list/
INFO: [ app_init ] --START--
INFO: Run Behavior\BuildLiteBehavior [ RunTime:0.000000s ]
INFO: [ app_init ] --END-- [ RunTime:0.008001s ]
INFO: [ app_begin ] --START--
INFO: Run Behavior\ReadHtmlCacheBehavior [ RunTime:0.004000s ]
INFO: [ app_begin ] --END-- [ RunTime:0.004000s ]
SQL: SHOW COLUMNS FROM `think_goods_type` [ RunTime:0.0030s ]
SQL: SELECT count(gtypeid) as total FROM `think_goods_type`  [ RunTime:0.0000s ]
NOTIC: [8] Undefined index: total D:\wamp\www\First\AndroidSync\Home\Controller\GoodsController.class.php 第 51 行.
SQL: SELECT * FROM `think_goods_type` ORDER BY gtypeid desc LIMIT 0,16   [ RunTime:0.0010s ]

[ 2015-05-07T09:58:24+08:00 ] 192.168.1.102 /first/androidSync.php/Home/User/register/
INFO: [ app_init ] --START--
INFO: Run Behavior\BuildLiteBehavior [ RunTime:0.000000s ]
INFO: [ app_init ] --END-- [ RunTime:0.001000s ]
INFO: [ app_begin ] --START--
INFO: Run Behavior\ReadHtmlCacheBehavior [ RunTime:0.001000s ]
INFO: [ app_begin ] --END-- [ RunTime:0.001000s ]
SQL: SHOW COLUMNS FROM `think_user` [ RunTime:0.0030s ]
SQL: SELECT * FROM `think_user` WHERE `username` = 'ert' OR `email` = 'asdf@qq.com'  [ RunTime:0.0010s ]
INFO: [ app_end ] --START--
INFO: Run Behavior\ShowPageTraceBehavior [ RunTime:0.000000s ]
INFO: [ app_end ] --END-- [ RunTime:0.000000s ]

[ 2015-05-07T09:58:25+08:00 ] 192.168.1.102 /first/androidSync.php/Home/Goods/ajax_goods_type_list/
INFO: [ app_init ] --START--
INFO: Run Behavior\BuildLiteBehavior [ RunTime:0.000000s ]
INFO: [ app_init ] --END-- [ RunTime:0.001000s ]
INFO: [ app_begin ] --START--
INFO: Run Behavior\ReadHtmlCacheBehavior [ RunTime:0.001000s ]
INFO: [ app_begin ] --END-- [ RunTime:0.001000s ]
SQL: SHOW COLUMNS FROM `think_goods_type` [ RunTime:0.0030s ]
SQL: SELECT count(gtypeid) as total FROM `think_goods_type`  [ RunTime:0.0010s ]
NOTIC: [8] Undefined index: total D:\wamp\www\First\AndroidSync\Home\Controller\GoodsController.class.php 第 51 行.
SQL: SELECT * FROM `think_goods_type` ORDER BY gtypeid desc LIMIT 0,16   [ RunTime:0.0010s ]

[ 2015-05-07T09:58:54+08:00 ] 192.168.1.102 /first/androidSync.php/Home/Goods/ajax_goods_type_list/
INFO: [ app_init ] --START--
INFO: Run Behavior\BuildLiteBehavior [ RunTime:0.000000s ]
INFO: [ app_init ] --END-- [ RunTime:0.000000s ]
INFO: [ app_begin ] --START--
INFO: Run Behavior\ReadHtmlCacheBehavior [ RunTime:0.000000s ]
INFO: [ app_begin ] --END-- [ RunTime:0.001000s ]
SQL: SHOW COLUMNS FROM `think_goods_type` [ RunTime:0.0020s ]
SQL: SELECT count(gtypeid) as total FROM `think_goods_type`  [ RunTime:0.0000s ]
NOTIC: [8] Undefined index: total D:\wamp\www\First\AndroidSync\Home\Controller\GoodsController.class.php 第 51 行.
SQL: SELECT * FROM `think_goods_type` ORDER BY gtypeid desc LIMIT 0,16   [ RunTime:0.0000s ]

[ 2015-05-07T10:01:41+08:00 ] 192.168.1.102 /first/androidSync.php/Home/Goods/ajax_goods_type_list/
INFO: [ app_init ] --START--
INFO: Run Behavior\BuildLiteBehavior [ RunTime:0.000000s ]
INFO: [ app_init ] --END-- [ RunTime:0.001000s ]
INFO: [ app_begin ] --START--
INFO: Run Behavior\ReadHtmlCacheBehavior [ RunTime:0.000000s ]
INFO: [ app_begin ] --END-- [ RunTime:0.000000s ]
SQL: SHOW COLUMNS FROM `think_goods_type` [ RunTime:0.0030s ]
SQL: SELECT count(gtypeid) as total FROM `think_goods_type`  [ RunTime:0.0000s ]
NOTIC: [8] Undefined index: total D:\wamp\www\First\AndroidSync\Home\Controller\GoodsController.class.php 第 51 行.
SQL: SELECT * FROM `think_goods_type` ORDER BY gtypeid desc LIMIT 0,16   [ RunTime:0.0010s ]

[ 2015-05-07T10:03:45+08:00 ] 192.168.1.102 /first/androidSync.php/Home/User/login/
INFO: [ app_init ] --START--
INFO: Run Behavior\BuildLiteBehavior [ RunTime:0.000000s ]
INFO: [ app_init ] --END-- [ RunTime:0.000000s ]
INFO: [ app_begin ] --START--
INFO: Run Behavior\ReadHtmlCacheBehavior [ RunTime:0.001000s ]
INFO: [ app_begin ] --END-- [ RunTime:0.001000s ]
SQL: SHOW COLUMNS FROM `think_user` [ RunTime:0.0030s ]
NOTIC: [8] Undefined property: stdClass::$email D:\wamp\www\First\AndroidSync\Home\Controller\UserController.class.php 第 100 行.
NOTIC: [8] Undefined property: stdClass::$phone D:\wamp\www\First\AndroidSync\Home\Controller\UserController.class.php 第 101 行.
SQL: SELECT * FROM `think_user` WHERE `username` = 'amao' AND `password` = '123456'  [ RunTime:0.0010s ]
INFO: [ app_end ] --START--
INFO: Run Behavior\ShowPageTraceBehavior [ RunTime:0.001000s ]
INFO: [ app_end ] --END-- [ RunTime:0.001000s ]

[ 2015-05-07T10:03:53+08:00 ] 192.168.1.102 /first/androidSync.php/Home/Goods/ajax_goods_type_list/
INFO: [ app_init ] --START--
INFO: Run Behavior\BuildLiteBehavior [ RunTime:0.000000s ]
INFO: [ app_init ] --END-- [ RunTime:0.001000s ]
INFO: [ app_begin ] --START--
INFO: Run Behavior\ReadHtmlCacheBehavior [ RunTime:0.001000s ]
INFO: [ app_begin ] --END-- [ RunTime:0.001000s ]
SQL: SHOW COLUMNS FROM `think_goods_type` [ RunTime:0.0030s ]
SQL: SELECT count(gtypeid) as total FROM `think_goods_type`  [ RunTime:0.0000s ]
NOTIC: [8] Undefined index: total D:\wamp\www\First\AndroidSync\Home\Controller\GoodsController.class.php 第 51 行.
SQL: SELECT * FROM `think_goods_type` ORDER BY gtypeid desc LIMIT 0,16   [ RunTime:0.0010s ]

[ 2015-05-07T10:10:07+08:00 ] 192.168.1.102 /first/androidSync.php/Home/Goods/ajax_goods_type_list/
INFO: [ app_init ] --START--
INFO: Run Behavior\BuildLiteBehavior [ RunTime:0.000000s ]
INFO: [ app_init ] --END-- [ RunTime:0.001000s ]
INFO: [ app_begin ] --START--
INFO: Run Behavior\ReadHtmlCacheBehavior [ RunTime:0.001000s ]
INFO: [ app_begin ] --END-- [ RunTime:0.001000s ]
SQL: SHOW COLUMNS FROM `think_goods_type` [ RunTime:0.0030s ]
SQL: SELECT count(gtypeid) as total FROM `think_goods_type`  [ RunTime:0.0000s ]
NOTIC: [8] Undefined index: total D:\wamp\www\First\AndroidSync\Home\Controller\GoodsController.class.php 第 51 行.
SQL: SELECT * FROM `think_goods_type` ORDER BY gtypeid desc LIMIT 0,16   [ RunTime:0.0000s ]

[ 2015-05-07T10:11:44+08:00 ] 192.168.1.102 /first/androidSync.php/Home/Goods/ajax_goods_type_list/
INFO: [ app_init ] --START--
INFO: Run Behavior\BuildLiteBehavior [ RunTime:0.000000s ]
INFO: [ app_init ] --END-- [ RunTime:0.000000s ]
INFO: [ app_begin ] --START--
INFO: Run Behavior\ReadHtmlCacheBehavior [ RunTime:0.001000s ]
INFO: [ app_begin ] --END-- [ RunTime:0.001000s ]
SQL: SHOW COLUMNS FROM `think_goods_type` [ RunTime:0.0030s ]
SQL: SELECT count(gtypeid) as total FROM `think_goods_type`  [ RunTime:0.0010s ]
NOTIC: [8] Undefined index: total D:\wamp\www\First\AndroidSync\Home\Controller\GoodsController.class.php 第 51 行.
SQL: SELECT * FROM `think_goods_type` ORDER BY gtypeid desc LIMIT 0,16   [ RunTime:0.0000s ]

[ 2015-05-07T10:12:19+08:00 ] 192.168.1.102 /first/androidSync.php/Home/User/login/
INFO: [ app_init ] --START--
INFO: Run Behavior\BuildLiteBehavior [ RunTime:0.000000s ]
INFO: [ app_init ] --END-- [ RunTime:0.001000s ]
INFO: [ app_begin ] --START--
INFO: Run Behavior\ReadHtmlCacheBehavior [ RunTime:0.000000s ]
INFO: [ app_begin ] --END-- [ RunTime:0.000000s ]
SQL: SHOW COLUMNS FROM `think_user` [ RunTime:0.0030s ]
NOTIC: [8] Undefined property: stdClass::$email D:\wamp\www\First\AndroidSync\Home\Controller\UserController.class.php 第 100 行.
NOTIC: [8] Undefined property: stdClass::$phone D:\wamp\www\First\AndroidSync\Home\Controller\UserController.class.php 第 101 行.
SQL: SELECT * FROM `think_user` WHERE `username` = 'amao' AND `password` = '123456'  [ RunTime:0.0000s ]
INFO: [ app_end ] --START--
INFO: Run Behavior\ShowPageTraceBehavior [ RunTime:0.001000s ]
INFO: [ app_end ] --END-- [ RunTime:0.001000s ]

[ 2015-05-07T10:12:19+08:00 ] 192.168.1.102 /first/androidSync.php/Home/Goods/ajax_goods_type_list/
INFO: [ app_init ] --START--
INFO: Run Behavior\BuildLiteBehavior [ RunTime:0.000000s ]
INFO: [ app_init ] --END-- [ RunTime:0.000000s ]
INFO: [ app_begin ] --START--
INFO: Run Behavior\ReadHtmlCacheBehavior [ RunTime:0.000000s ]
INFO: [ app_begin ] --END-- [ RunTime:0.000000s ]
SQL: SHOW COLUMNS FROM `think_goods_type` [ RunTime:0.0040s ]
SQL: SELECT count(gtypeid) as total FROM `think_goods_type`  [ RunTime:0.0000s ]
NOTIC: [8] Undefined index: total D:\wamp\www\First\AndroidSync\Home\Controller\GoodsController.class.php 第 51 行.
SQL: SELECT * FROM `think_goods_type` ORDER BY gtypeid desc LIMIT 0,16   [ RunTime:0.0000s ]

[ 2015-05-07T10:14:43+08:00 ] 192.168.1.102 /first/androidSync.php/Home/Goods/ajax_goods_type_list/
INFO: [ app_init ] --START--
INFO: Run Behavior\BuildLiteBehavior [ RunTime:0.000000s ]
INFO: [ app_init ] --END-- [ RunTime:0.000000s ]
INFO: [ app_begin ] --START--
INFO: Run Behavior\ReadHtmlCacheBehavior [ RunTime:0.001000s ]
INFO: [ app_begin ] --END-- [ RunTime:0.001000s ]
SQL: SHOW COLUMNS FROM `think_goods_type` [ RunTime:0.0700s ]
SQL: SELECT count(gtypeid) as total FROM `think_goods_type`  [ RunTime:0.0010s ]
NOTIC: [8] Undefined index: total D:\wamp\www\First\AndroidSync\Home\Controller\GoodsController.class.php 第 51 行.
SQL: SELECT * FROM `think_goods_type` ORDER BY gtypeid desc LIMIT 0,16   [ RunTime:0.0010s ]

[ 2015-05-07T10:16:41+08:00 ] 192.168.1.102 /first/androidSync.php/Home/User/register/
INFO: [ app_init ] --START--
INFO: Run Behavior\BuildLiteBehavior [ RunTime:0.000000s ]
INFO: [ app_init ] --END-- [ RunTime:0.001000s ]
INFO: [ app_begin ] --START--
INFO: Run Behavior\ReadHtmlCacheBehavior [ RunTime:0.000000s ]
INFO: [ app_begin ] --END-- [ RunTime:0.000000s ]
SQL: SHOW COLUMNS FROM `think_user` [ RunTime:0.0030s ]
SQL: SELECT * FROM `think_user` WHERE `username` = '阿茂'  [ RunTime:0.0000s ]
SQL: INSERT INTO `think_user` (`username`,`password`,`email`,`phonenum`,`photo`,`authinfo`,`info`,`time`) VALUES ('阿茂','E3A218B','','','http://q.qlogo.cn/qqapp/1104505514/E3A218BB2461E7E90A0A9C3ADECECF08/40','E3A218BB2461E7E90A0A9C3ADECECF08','','2015-05-07 10:16:41') [ RunTime:0.0590s ]
INFO: [ app_end ] --START--
INFO: Run Behavior\ShowPageTraceBehavior [ RunTime:0.001000s ]
INFO: [ app_end ] --END-- [ RunTime:0.001000s ]

[ 2015-05-07T10:28:44+08:00 ] 192.168.1.102 /first/androidSync.php/Home/Goods/ajax_goods_type_list/
INFO: [ app_init ] --START--
INFO: Run Behavior\BuildLiteBehavior [ RunTime:0.000000s ]
INFO: [ app_init ] --END-- [ RunTime:0.008000s ]
INFO: [ app_begin ] --START--
INFO: Run Behavior\ReadHtmlCacheBehavior [ RunTime:0.005001s ]
INFO: [ app_begin ] --END-- [ RunTime:0.005001s ]
SQL: SHOW COLUMNS FROM `think_goods_type` [ RunTime:0.0060s ]
SQL: SELECT count(gtypeid) as total FROM `think_goods_type`  [ RunTime:0.0000s ]
NOTIC: [8] Undefined index: total D:\wamp\www\First\AndroidSync\Home\Controller\GoodsController.class.php 第 51 行.
SQL: SELECT * FROM `think_goods_type` ORDER BY gtypeid desc LIMIT 0,16   [ RunTime:0.0000s ]

[ 2015-05-07T10:31:07+08:00 ] 192.168.1.102 /first/androidSync.php/Home/User/register/
INFO: [ app_init ] --START--
INFO: Run Behavior\BuildLiteBehavior [ RunTime:0.000000s ]
INFO: [ app_init ] --END-- [ RunTime:0.001000s ]
INFO: [ app_begin ] --START--
INFO: Run Behavior\ReadHtmlCacheBehavior [ RunTime:0.001000s ]
INFO: [ app_begin ] --END-- [ RunTime:0.001000s ]
SQL: SHOW COLUMNS FROM `think_user` [ RunTime:0.0020s ]
SQL: SELECT * FROM `think_user` WHERE `username` = '阿茂'  [ RunTime:0.0010s ]
SQL: INSERT INTO `think_user` (`username`,`password`,`email`,`phonenum`,`photo`,`authinfo`,`info`,`time`) VALUES ('阿茂','E3A218B','','','http://q.qlogo.cn/qqapp/1104505514/E3A218BB2461E7E90A0A9C3ADECECF08/40','E3A218BB2461E7E90A0A9C3ADECECF08','','2015-05-07 10:31:07') [ RunTime:0.0420s ]
INFO: [ app_end ] --START--
INFO: Run Behavior\ShowPageTraceBehavior [ RunTime:0.000000s ]
INFO: [ app_end ] --END-- [ RunTime:0.001000s ]

[ 2015-05-07T10:40:23+08:00 ] 192.168.1.102 /first/androidSync.php/Home/Goods/ajax_goods_type_list/
INFO: [ app_init ] --START--
INFO: Run Behavior\BuildLiteBehavior [ RunTime:0.000000s ]
INFO: [ app_init ] --END-- [ RunTime:0.001000s ]
INFO: [ app_begin ] --START--
INFO: Run Behavior\ReadHtmlCacheBehavior [ RunTime:0.001000s ]
INFO: [ app_begin ] --END-- [ RunTime:0.001000s ]
SQL: SHOW COLUMNS FROM `think_goods_type` [ RunTime:0.0030s ]
SQL: SELECT count(gtypeid) as total FROM `think_goods_type`  [ RunTime:0.0010s ]
NOTIC: [8] Undefined index: total D:\wamp\www\First\AndroidSync\Home\Controller\GoodsController.class.php 第 51 行.
SQL: SELECT * FROM `think_goods_type` ORDER BY gtypeid desc LIMIT 0,16   [ RunTime:0.0000s ]

[ 2015-05-07T10:41:41+08:00 ] 192.168.1.102 /first/androidSync.php/Home/User/register/
INFO: [ app_init ] --START--
INFO: Run Behavior\BuildLiteBehavior [ RunTime:0.000000s ]
INFO: [ app_init ] --END-- [ RunTime:0.001000s ]
INFO: [ app_begin ] --START--
INFO: Run Behavior\ReadHtmlCacheBehavior [ RunTime:0.001000s ]
INFO: [ app_begin ] --END-- [ RunTime:0.001000s ]
SQL: SHOW COLUMNS FROM `think_user` [ RunTime:0.0030s ]
SQL: SELECT * FROM `think_user` WHERE `username` = '阿茂'  [ RunTime:0.0000s ]
SQL: INSERT INTO `think_user` (`username`,`password`,`email`,`phonenum`,`photo`,`authinfo`,`info`,`time`) VALUES ('阿茂','E3A218B','','','http://q.qlogo.cn/qqapp/1104505514/E3A218BB2461E7E90A0A9C3ADECECF08/40','E3A218BB2461E7E90A0A9C3ADECECF08','','2015-05-07 10:41:40') [ RunTime:0.0500s ]
INFO: [ app_end ] --START--
INFO: Run Behavior\ShowPageTraceBehavior [ RunTime:0.001000s ]
INFO: [ app_end ] --END-- [ RunTime:0.001000s ]

[ 2015-05-07T10:41:42+08:00 ] 192.168.1.102 /first/androidSync.php/Home/Goods/ajax_goods_type_list/
INFO: [ app_init ] --START--
INFO: Run Behavior\BuildLiteBehavior [ RunTime:0.000000s ]
INFO: [ app_init ] --END-- [ RunTime:0.000000s ]
INFO: [ app_begin ] --START--
INFO: Run Behavior\ReadHtmlCacheBehavior [ RunTime:0.000000s ]
INFO: [ app_begin ] --END-- [ RunTime:0.000000s ]
SQL: SHOW COLUMNS FROM `think_goods_type` [ RunTime:0.0030s ]
SQL: SELECT count(gtypeid) as total FROM `think_goods_type`  [ RunTime:0.0000s ]
NOTIC: [8] Undefined index: total D:\wamp\www\First\AndroidSync\Home\Controller\GoodsController.class.php 第 51 行.
SQL: SELECT * FROM `think_goods_type` ORDER BY gtypeid desc LIMIT 0,16   [ RunTime:0.0000s ]

[ 2015-05-07T18:02:41+08:00 ] 192.168.1.100 /first/androidSync.php/Home/Goods/ajax_goods_type_list/
INFO: [ app_init ] --START--
INFO: Run Behavior\BuildLiteBehavior [ RunTime:0.000000s ]
INFO: [ app_init ] --END-- [ RunTime:0.042003s ]
INFO: [ app_begin ] --START--
INFO: Run Behavior\ReadHtmlCacheBehavior [ RunTime:0.011001s ]
INFO: [ app_begin ] --END-- [ RunTime:0.011001s ]
SQL: SHOW COLUMNS FROM `think_goods_type` [ RunTime:0.7550s ]
SQL: SELECT count(gtypeid) as total FROM `think_goods_type`  [ RunTime:0.7110s ]
NOTIC: [8] Undefined index: total D:\wamp\www\First\AndroidSync\Home\Controller\GoodsController.class.php 第 51 行.
SQL: SELECT * FROM `think_goods_type` ORDER BY gtypeid desc LIMIT 0,16   [ RunTime:0.0130s ]

[ 2015-05-07T18:03:41+08:00 ] 192.168.1.100 /first/androidSync.php/Home/Goods/ajax_goods_type_list/
INFO: [ app_init ] --START--
INFO: Run Behavior\BuildLiteBehavior [ RunTime:0.000000s ]
INFO: [ app_init ] --END-- [ RunTime:0.001000s ]
INFO: [ app_begin ] --START--
INFO: Run Behavior\ReadHtmlCacheBehavior [ RunTime:0.000000s ]
INFO: [ app_begin ] --END-- [ RunTime:0.002000s ]
SQL: SHOW COLUMNS FROM `think_goods_type` [ RunTime:0.0280s ]
SQL: SELECT count(gtypeid) as total FROM `think_goods_type`  [ RunTime:0.0010s ]
NOTIC: [8] Undefined index: total D:\wamp\www\First\AndroidSync\Home\Controller\GoodsController.class.php 第 51 行.
SQL: SELECT * FROM `think_goods_type` ORDER BY gtypeid desc LIMIT 0,16   [ RunTime:0.0000s ]

[ 2015-05-07T18:04:50+08:00 ] 192.168.1.100 /first/androidSync.php/Home/Goods/ajax_goods_type_list/
INFO: [ app_init ] --START--
INFO: Run Behavior\BuildLiteBehavior [ RunTime:0.000000s ]
INFO: [ app_init ] --END-- [ RunTime:0.001000s ]
INFO: [ app_begin ] --START--
INFO: Run Behavior\ReadHtmlCacheBehavior [ RunTime:0.001000s ]
INFO: [ app_begin ] --END-- [ RunTime:0.001000s ]
SQL: SHOW COLUMNS FROM `think_goods_type` [ RunTime:0.0040s ]
SQL: SELECT count(gtypeid) as total FROM `think_goods_type`  [ RunTime:0.0000s ]
NOTIC: [8] Undefined index: total D:\wamp\www\First\AndroidSync\Home\Controller\GoodsController.class.php 第 51 行.
SQL: SELECT * FROM `think_goods_type` ORDER BY gtypeid desc LIMIT 0,16   [ RunTime:0.0000s ]

[ 2015-05-07T18:05:13+08:00 ] 192.168.1.100 /first/androidSync.php/Home/Goods/ajax_goods_type_list/
INFO: [ app_init ] --START--
INFO: Run Behavior\BuildLiteBehavior [ RunTime:0.000000s ]
INFO: [ app_init ] --END-- [ RunTime:0.001000s ]
INFO: [ app_begin ] --START--
INFO: Run Behavior\ReadHtmlCacheBehavior [ RunTime:0.002000s ]
INFO: [ app_begin ] --END-- [ RunTime:0.002000s ]
SQL: SHOW COLUMNS FROM `think_goods_type` [ RunTime:0.0030s ]
SQL: SELECT count(gtypeid) as total FROM `think_goods_type`  [ RunTime:0.0000s ]
NOTIC: [8] Undefined index: total D:\wamp\www\First\AndroidSync\Home\Controller\GoodsController.class.php 第 51 行.
SQL: SELECT * FROM `think_goods_type` ORDER BY gtypeid desc LIMIT 0,16   [ RunTime:0.0010s ]

[ 2015-05-07T18:18:01+08:00 ] 192.168.1.110 /first/androidSync.php/Home/Goods/ajax_goods_type_list/
INFO: [ app_init ] --START--
INFO: Run Behavior\BuildLiteBehavior [ RunTime:0.000000s ]
INFO: [ app_init ] --END-- [ RunTime:0.002000s ]
INFO: [ app_begin ] --START--
INFO: Run Behavior\ReadHtmlCacheBehavior [ RunTime:0.001000s ]
INFO: [ app_begin ] --END-- [ RunTime:0.001000s ]
SQL: SHOW COLUMNS FROM `think_goods_type` [ RunTime:0.0040s ]
SQL: SELECT count(gtypeid) as total FROM `think_goods_type`  [ RunTime:0.0000s ]
NOTIC: [8] Undefined index: total D:\wamp\www\First\AndroidSync\Home\Controller\GoodsController.class.php 第 51 行.
SQL: SELECT * FROM `think_goods_type` ORDER BY gtypeid desc LIMIT 0,16   [ RunTime:0.0000s ]

[ 2015-05-07T18:18:26+08:00 ] 192.168.1.110 /first/androidSync.php/Home/Goods/ajax_goods_type_list/
INFO: [ app_init ] --START--
INFO: Run Behavior\BuildLiteBehavior [ RunTime:0.000000s ]
INFO: [ app_init ] --END-- [ RunTime:0.001000s ]
INFO: [ app_begin ] --START--
INFO: Run Behavior\ReadHtmlCacheBehavior [ RunTime:0.001000s ]
INFO: [ app_begin ] --END-- [ RunTime:0.002000s ]
SQL: SHOW COLUMNS FROM `think_goods_type` [ RunTime:0.0360s ]
SQL: SELECT count(gtypeid) as total FROM `think_goods_type`  [ RunTime:0.0010s ]
NOTIC: [8] Undefined index: total D:\wamp\www\First\AndroidSync\Home\Controller\GoodsController.class.php 第 51 行.
SQL: SELECT * FROM `think_goods_type` ORDER BY gtypeid desc LIMIT 0,16   [ RunTime:0.0000s ]

[ 2015-05-07T18:18:48+08:00 ] 192.168.1.110 /first/androidSync.php/Home/Goods/ajax_goods_type_list/
INFO: [ app_init ] --START--
INFO: Run Behavior\BuildLiteBehavior [ RunTime:0.000000s ]
INFO: [ app_init ] --END-- [ RunTime:0.001000s ]
INFO: [ app_begin ] --START--
INFO: Run Behavior\ReadHtmlCacheBehavior [ RunTime:0.002000s ]
INFO: [ app_begin ] --END-- [ RunTime:0.002000s ]
SQL: SHOW COLUMNS FROM `think_goods_type` [ RunTime:0.0130s ]
SQL: SELECT count(gtypeid) as total FROM `think_goods_type`  [ RunTime:0.0010s ]
NOTIC: [8] Undefined index: total D:\wamp\www\First\AndroidSync\Home\Controller\GoodsController.class.php 第 51 行.
SQL: SELECT * FROM `think_goods_type` ORDER BY gtypeid desc LIMIT 0,16   [ RunTime:0.0010s ]

[ 2015-05-07T18:19:23+08:00 ] 192.168.1.110 /first/androidSync.php/Home/Goods/ajax_goods_type_list/
INFO: [ app_init ] --START--
INFO: Run Behavior\BuildLiteBehavior [ RunTime:0.000000s ]
INFO: [ app_init ] --END-- [ RunTime:0.001000s ]
INFO: [ app_begin ] --START--
INFO: Run Behavior\ReadHtmlCacheBehavior [ RunTime:0.001001s ]
INFO: [ app_begin ] --END-- [ RunTime:0.001001s ]
SQL: SHOW COLUMNS FROM `think_goods_type` [ RunTime:0.0110s ]
SQL: SELECT count(gtypeid) as total FROM `think_goods_type`  [ RunTime:0.0010s ]
NOTIC: [8] Undefined index: total D:\wamp\www\First\AndroidSync\Home\Controller\GoodsController.class.php 第 51 行.
SQL: SELECT * FROM `think_goods_type` ORDER BY gtypeid desc LIMIT 0,16   [ RunTime:0.0000s ]

