[ 2015-06-01T14:44:27+08:00 ] 192.168.1.100 /first/androidSync.php/Home/Goods/ajax_goods_type_list/
INFO: [ app_init ] --START--
INFO: Run Behavior\BuildLiteBehavior [ RunTime:0.000000s ]
INFO: [ app_init ] --END-- [ RunTime:0.002000s ]
INFO: [ app_begin ] --START--
INFO: Run Behavior\ReadHtmlCacheBehavior [ RunTime:0.002000s ]
INFO: [ app_begin ] --END-- [ RunTime:0.003000s ]
SQL: SHOW COLUMNS FROM `think_goods_type` [ RunTime:0.3690s ]
SQL: SELECT count(gtypeid) as total FROM `think_goods_type`  [ RunTime:0.0010s ]
NOTIC: [8] Undefined index: total D:\wamp\www\First\AndroidSync\Home\Controller\GoodsController.class.php 第 51 行.
SQL: SELECT * FROM `think_goods_type` ORDER BY gtypeid desc LIMIT 0,16   [ RunTime:0.0020s ]

[ 2015-06-01T14:50:02+08:00 ] 192.168.1.100 /first/androidSync.php/Home/Goods/ajax_goods_type_list/
INFO: [ app_init ] --START--
INFO: Run Behavior\BuildLiteBehavior [ RunTime:0.001000s ]
INFO: [ app_init ] --END-- [ RunTime:0.002000s ]
INFO: [ app_begin ] --START--
INFO: Run Behavior\ReadHtmlCacheBehavior [ RunTime:0.001000s ]
INFO: [ app_begin ] --END-- [ RunTime:0.003000s ]
SQL: SHOW COLUMNS FROM `think_goods_type` [ RunTime:0.0070s ]
SQL: SELECT count(gtypeid) as total FROM `think_goods_type`  [ RunTime:0.0000s ]
NOTIC: [8] Undefined index: total D:\wamp\www\First\AndroidSync\Home\Controller\GoodsController.class.php 第 51 行.
SQL: SELECT * FROM `think_goods_type` ORDER BY gtypeid desc LIMIT 0,16   [ RunTime:0.0010s ]

[ 2015-06-01T14:50:57+08:00 ] 192.168.1.100 /first/androidSync.php/Home/Goods/ajax_goods_type_list/
INFO: [ app_init ] --START--
INFO: Run Behavior\BuildLiteBehavior [ RunTime:0.000000s ]
INFO: [ app_init ] --END-- [ RunTime:0.000000s ]
INFO: [ app_begin ] --START--
INFO: Run Behavior\ReadHtmlCacheBehavior [ RunTime:0.001000s ]
INFO: [ app_begin ] --END-- [ RunTime:0.001000s ]
SQL: SHOW COLUMNS FROM `think_goods_type` [ RunTime:0.0080s ]
SQL: SELECT count(gtypeid) as total FROM `think_goods_type`  [ RunTime:0.0010s ]
NOTIC: [8] Undefined index: total D:\wamp\www\First\AndroidSync\Home\Controller\GoodsController.class.php 第 51 行.
SQL: SELECT * FROM `think_goods_type` ORDER BY gtypeid desc LIMIT 0,16   [ RunTime:0.0010s ]

[ 2015-06-01T14:52:21+08:00 ] 192.168.1.100 /first/androidSync.php/Home/Goods/ajax_goods_type_list/
INFO: [ app_init ] --START--
INFO: Run Behavior\BuildLiteBehavior [ RunTime:0.000000s ]
INFO: [ app_init ] --END-- [ RunTime:0.001000s ]
INFO: [ app_begin ] --START--
INFO: Run Behavior\ReadHtmlCacheBehavior [ RunTime:0.002000s ]
INFO: [ app_begin ] --END-- [ RunTime:0.002000s ]
SQL: SHOW COLUMNS FROM `think_goods_type` [ RunTime:0.0040s ]
SQL: SELECT count(gtypeid) as total FROM `think_goods_type`  [ RunTime:0.0000s ]
NOTIC: [8] Undefined index: total D:\wamp\www\First\AndroidSync\Home\Controller\GoodsController.class.php 第 51 行.
SQL: SELECT * FROM `think_goods_type` ORDER BY gtypeid desc LIMIT 0,16   [ RunTime:0.0010s ]

[ 2015-06-01T14:58:26+08:00 ] 192.168.1.100 /first/androidSync.php/Home/Goods/ajax_goods_type_list/
INFO: [ app_init ] --START--
INFO: Run Behavior\BuildLiteBehavior [ RunTime:0.000000s ]
INFO: [ app_init ] --END-- [ RunTime:0.002000s ]
INFO: [ app_begin ] --START--
INFO: Run Behavior\ReadHtmlCacheBehavior [ RunTime:0.001001s ]
INFO: [ app_begin ] --END-- [ RunTime:0.002001s ]
SQL: SHOW COLUMNS FROM `think_goods_type` [ RunTime:0.0060s ]
SQL: SELECT count(gtypeid) as total FROM `think_goods_type`  [ RunTime:0.0000s ]
NOTIC: [8] Undefined index: total D:\wamp\www\First\AndroidSync\Home\Controller\GoodsController.class.php 第 51 行.
SQL: SELECT * FROM `think_goods_type` ORDER BY gtypeid desc LIMIT 0,16   [ RunTime:0.0010s ]

[ 2015-06-01T15:00:01+08:00 ] 192.168.1.100 /first/androidSync.php/Home/Goods/ajax_goods_type_list/
INFO: [ app_init ] --START--
INFO: Run Behavior\BuildLiteBehavior [ RunTime:0.000000s ]
INFO: [ app_init ] --END-- [ RunTime:0.002000s ]
INFO: [ app_begin ] --START--
INFO: Run Behavior\ReadHtmlCacheBehavior [ RunTime:0.002000s ]
INFO: [ app_begin ] --END-- [ RunTime:0.003000s ]
SQL: SHOW COLUMNS FROM `think_goods_type` [ RunTime:0.0100s ]
SQL: SELECT count(gtypeid) as total FROM `think_goods_type`  [ RunTime:0.0000s ]
NOTIC: [8] Undefined index: total D:\wamp\www\First\AndroidSync\Home\Controller\GoodsController.class.php 第 51 行.
SQL: SELECT * FROM `think_goods_type` ORDER BY gtypeid desc LIMIT 0,16   [ RunTime:0.0010s ]

[ 2015-06-01T15:22:31+08:00 ] 192.168.1.100 /first/androidSync.php/Home/Goods/ajax_goods_type_list/
INFO: [ app_init ] --START--
INFO: Run Behavior\BuildLiteBehavior [ RunTime:0.000000s ]
INFO: [ app_init ] --END-- [ RunTime:0.001000s ]
INFO: [ app_begin ] --START--
INFO: Run Behavior\ReadHtmlCacheBehavior [ RunTime:0.001000s ]
INFO: [ app_begin ] --END-- [ RunTime:0.002000s ]
SQL: SHOW COLUMNS FROM `think_goods_type` [ RunTime:0.0210s ]
SQL: SELECT count(gtypeid) as total FROM `think_goods_type`  [ RunTime:0.0010s ]
NOTIC: [8] Undefined index: total D:\wamp\www\First\AndroidSync\Home\Controller\GoodsController.class.php 第 51 行.
SQL: SELECT * FROM `think_goods_type` ORDER BY gtypeid desc LIMIT 0,16   [ RunTime:0.0010s ]

[ 2015-06-01T17:23:42+08:00 ] 192.168.1.100 /first/androidSync.php/Home/Goods/ajax_goods_type_list/
INFO: [ app_init ] --START--
INFO: Run Behavior\BuildLiteBehavior [ RunTime:0.000000s ]
INFO: [ app_init ] --END-- [ RunTime:0.002000s ]
INFO: [ app_begin ] --START--
INFO: Run Behavior\ReadHtmlCacheBehavior [ RunTime:0.001000s ]
INFO: [ app_begin ] --END-- [ RunTime:0.001000s ]
SQL: SHOW COLUMNS FROM `think_goods_type` [ RunTime:0.0310s ]
SQL: SELECT count(gtypeid) as total FROM `think_goods_type`  [ RunTime:0.0000s ]
NOTIC: [8] Undefined index: total D:\wamp\www\First\AndroidSync\Home\Controller\GoodsController.class.php 第 51 行.
SQL: SELECT * FROM `think_goods_type` ORDER BY gtypeid desc LIMIT 0,16   [ RunTime:0.0010s ]

[ 2015-06-01T17:24:58+08:00 ] 192.168.1.100 /first/androidSync.php/Home/Goods/ajax_goods_type_list/
INFO: [ app_init ] --START--
INFO: Run Behavior\BuildLiteBehavior [ RunTime:0.000000s ]
INFO: [ app_init ] --END-- [ RunTime:0.001000s ]
INFO: [ app_begin ] --START--
INFO: Run Behavior\ReadHtmlCacheBehavior [ RunTime:0.001000s ]
INFO: [ app_begin ] --END-- [ RunTime:0.001000s ]
SQL: SHOW COLUMNS FROM `think_goods_type` [ RunTime:0.0110s ]
SQL: SELECT count(gtypeid) as total FROM `think_goods_type`  [ RunTime:0.0010s ]
NOTIC: [8] Undefined index: total D:\wamp\www\First\AndroidSync\Home\Controller\GoodsController.class.php 第 51 行.
SQL: SELECT * FROM `think_goods_type` ORDER BY gtypeid desc LIMIT 0,16   [ RunTime:0.0010s ]

[ 2015-06-01T17:25:30+08:00 ] 192.168.1.100 /first/androidSync.php/Home/Goods/ajax_goods_type_list/
INFO: [ app_init ] --START--
INFO: Run Behavior\BuildLiteBehavior [ RunTime:0.000000s ]
INFO: [ app_init ] --END-- [ RunTime:0.001000s ]
INFO: [ app_begin ] --START--
INFO: Run Behavior\ReadHtmlCacheBehavior [ RunTime:0.000000s ]
INFO: [ app_begin ] --END-- [ RunTime:0.002000s ]
SQL: SHOW COLUMNS FROM `think_goods_type` [ RunTime:0.0100s ]
SQL: SELECT count(gtypeid) as total FROM `think_goods_type`  [ RunTime:0.0010s ]
NOTIC: [8] Undefined index: total D:\wamp\www\First\AndroidSync\Home\Controller\GoodsController.class.php 第 51 行.
SQL: SELECT * FROM `think_goods_type` ORDER BY gtypeid desc LIMIT 0,16   [ RunTime:0.0010s ]

[ 2015-06-01T17:25:58+08:00 ] 192.168.1.100 /first/androidSync.php/Home/Goods/ajax_goods_type_list/
INFO: [ app_init ] --START--
INFO: Run Behavior\BuildLiteBehavior [ RunTime:0.000000s ]
INFO: [ app_init ] --END-- [ RunTime:0.002000s ]
INFO: [ app_begin ] --START--
INFO: Run Behavior\ReadHtmlCacheBehavior [ RunTime:0.002000s ]
INFO: [ app_begin ] --END-- [ RunTime:0.002000s ]
SQL: SHOW COLUMNS FROM `think_goods_type` [ RunTime:0.0070s ]
SQL: SELECT count(gtypeid) as total FROM `think_goods_type`  [ RunTime:0.0010s ]
NOTIC: [8] Undefined index: total D:\wamp\www\First\AndroidSync\Home\Controller\GoodsController.class.php 第 51 行.
SQL: SELECT * FROM `think_goods_type` ORDER BY gtypeid desc LIMIT 0,16   [ RunTime:0.0010s ]

[ 2015-06-01T17:51:29+08:00 ] 192.168.1.107 /first/androidSync.php/Home/Goods/ajax_goods_type_list/
INFO: [ app_init ] --START--
INFO: Run Behavior\BuildLiteBehavior [ RunTime:0.000000s ]
INFO: [ app_init ] --END-- [ RunTime:0.001000s ]
INFO: [ app_begin ] --START--
INFO: Run Behavior\ReadHtmlCacheBehavior [ RunTime:0.001000s ]
INFO: [ app_begin ] --END-- [ RunTime:0.002000s ]
SQL: SHOW COLUMNS FROM `think_goods_type` [ RunTime:0.0090s ]
SQL: SELECT count(gtypeid) as total FROM `think_goods_type`  [ RunTime:0.0010s ]
NOTIC: [8] Undefined index: total D:\wamp\www\First\AndroidSync\Home\Controller\GoodsController.class.php 第 51 行.
SQL: SELECT * FROM `think_goods_type` ORDER BY gtypeid desc LIMIT 0,16   [ RunTime:0.0000s ]

[ 2015-06-01T17:51:38+08:00 ] 192.168.1.107 /first/androidSync.php/Home/Goods/ajax_goods_type_list/
INFO: [ app_init ] --START--
INFO: Run Behavior\BuildLiteBehavior [ RunTime:0.000000s ]
INFO: [ app_init ] --END-- [ RunTime:0.001000s ]
INFO: [ app_begin ] --START--
INFO: Run Behavior\ReadHtmlCacheBehavior [ RunTime:0.002000s ]
INFO: [ app_begin ] --END-- [ RunTime:0.002000s ]
SQL: SHOW COLUMNS FROM `think_goods_type` [ RunTime:0.0350s ]
SQL: SELECT count(gtypeid) as total FROM `think_goods_type`  [ RunTime:0.0000s ]
NOTIC: [8] Undefined index: total D:\wamp\www\First\AndroidSync\Home\Controller\GoodsController.class.php 第 51 行.
SQL: SELECT * FROM `think_goods_type` ORDER BY gtypeid desc LIMIT 0,16   [ RunTime:0.0010s ]

[ 2015-06-01T17:51:47+08:00 ] 192.168.1.107 /first/androidSync.php/Home/Goods/ajax_goods_type_list/
INFO: [ app_init ] --START--
INFO: Run Behavior\BuildLiteBehavior [ RunTime:0.001000s ]
INFO: [ app_init ] --END-- [ RunTime:0.002000s ]
INFO: [ app_begin ] --START--
INFO: Run Behavior\ReadHtmlCacheBehavior [ RunTime:0.002000s ]
INFO: [ app_begin ] --END-- [ RunTime:0.002000s ]
SQL: SHOW COLUMNS FROM `think_goods_type` [ RunTime:0.0060s ]
SQL: SELECT count(gtypeid) as total FROM `think_goods_type`  [ RunTime:0.0000s ]
NOTIC: [8] Undefined index: total D:\wamp\www\First\AndroidSync\Home\Controller\GoodsController.class.php 第 51 行.
SQL: SELECT * FROM `think_goods_type` ORDER BY gtypeid desc LIMIT 0,16   [ RunTime:0.0010s ]

[ 2015-06-01T17:51:58+08:00 ] 192.168.1.107 /first/androidSync.php/Home/Goods/ajax_goods_type_list/
INFO: [ app_init ] --START--
INFO: Run Behavior\BuildLiteBehavior [ RunTime:0.000000s ]
INFO: [ app_init ] --END-- [ RunTime:0.001001s ]
INFO: [ app_begin ] --START--
INFO: Run Behavior\ReadHtmlCacheBehavior [ RunTime:0.000000s ]
INFO: [ app_begin ] --END-- [ RunTime:0.002000s ]
SQL: SHOW COLUMNS FROM `think_goods_type` [ RunTime:0.0130s ]
SQL: SELECT count(gtypeid) as total FROM `think_goods_type`  [ RunTime:0.0010s ]
NOTIC: [8] Undefined index: total D:\wamp\www\First\AndroidSync\Home\Controller\GoodsController.class.php 第 51 行.
SQL: SELECT * FROM `think_goods_type` ORDER BY gtypeid desc LIMIT 0,16   [ RunTime:0.0010s ]

[ 2015-06-01T17:55:37+08:00 ] 192.168.1.100 /first/androidSync.php/Home/Goods/ajax_goods_type_list/
INFO: [ app_init ] --START--
INFO: Run Behavior\BuildLiteBehavior [ RunTime:0.001000s ]
INFO: [ app_init ] --END-- [ RunTime:0.001000s ]
INFO: [ app_begin ] --START--
INFO: Run Behavior\ReadHtmlCacheBehavior [ RunTime:0.001000s ]
INFO: [ app_begin ] --END-- [ RunTime:0.001000s ]
SQL: SHOW COLUMNS FROM `think_goods_type` [ RunTime:0.0240s ]
SQL: SELECT count(gtypeid) as total FROM `think_goods_type`  [ RunTime:0.0000s ]
NOTIC: [8] Undefined index: total D:\wamp\www\First\AndroidSync\Home\Controller\GoodsController.class.php 第 51 行.
SQL: SELECT * FROM `think_goods_type` ORDER BY gtypeid desc LIMIT 0,16   [ RunTime:0.0010s ]

[ 2015-06-01T17:56:50+08:00 ] 192.168.1.100 /first/androidSync.php/Home/Goods/ajax_goods_type_list/
INFO: [ app_init ] --START--
INFO: Run Behavior\BuildLiteBehavior [ RunTime:0.000000s ]
INFO: [ app_init ] --END-- [ RunTime:0.001000s ]
INFO: [ app_begin ] --START--
INFO: Run Behavior\ReadHtmlCacheBehavior [ RunTime:0.000000s ]
INFO: [ app_begin ] --END-- [ RunTime:0.001000s ]
SQL: SHOW COLUMNS FROM `think_goods_type` [ RunTime:0.0030s ]
SQL: SELECT count(gtypeid) as total FROM `think_goods_type`  [ RunTime:0.0000s ]
NOTIC: [8] Undefined index: total D:\wamp\www\First\AndroidSync\Home\Controller\GoodsController.class.php 第 51 行.
SQL: SELECT * FROM `think_goods_type` ORDER BY gtypeid desc LIMIT 0,16   [ RunTime:0.0000s ]

[ 2015-06-01T17:57:27+08:00 ] 192.168.1.100 /first/androidSync.php/Home/Goods/ajax_goods_type_list/
INFO: [ app_init ] --START--
INFO: Run Behavior\BuildLiteBehavior [ RunTime:0.000000s ]
INFO: [ app_init ] --END-- [ RunTime:0.000000s ]
INFO: [ app_begin ] --START--
INFO: Run Behavior\ReadHtmlCacheBehavior [ RunTime:0.000000s ]
INFO: [ app_begin ] --END-- [ RunTime:0.001000s ]
SQL: SHOW COLUMNS FROM `think_goods_type` [ RunTime:0.0040s ]
SQL: SELECT count(gtypeid) as total FROM `think_goods_type`  [ RunTime:0.0000s ]
NOTIC: [8] Undefined index: total D:\wamp\www\First\AndroidSync\Home\Controller\GoodsController.class.php 第 51 行.
SQL: SELECT * FROM `think_goods_type` ORDER BY gtypeid desc LIMIT 0,16   [ RunTime:0.0000s ]

[ 2015-06-01T17:58:18+08:00 ] 192.168.1.100 /first/androidSync.php/Home/Goods/ajax_goods_type_list/
INFO: [ app_init ] --START--
INFO: Run Behavior\BuildLiteBehavior [ RunTime:0.001000s ]
INFO: [ app_init ] --END-- [ RunTime:0.001000s ]
INFO: [ app_begin ] --START--
INFO: Run Behavior\ReadHtmlCacheBehavior [ RunTime:0.001000s ]
INFO: [ app_begin ] --END-- [ RunTime:0.001000s ]
SQL: SHOW COLUMNS FROM `think_goods_type` [ RunTime:0.0070s ]
SQL: SELECT count(gtypeid) as total FROM `think_goods_type`  [ RunTime:0.0000s ]
NOTIC: [8] Undefined index: total D:\wamp\www\First\AndroidSync\Home\Controller\GoodsController.class.php 第 51 行.
SQL: SELECT * FROM `think_goods_type` ORDER BY gtypeid desc LIMIT 0,16   [ RunTime:0.0000s ]

[ 2015-06-01T17:58:42+08:00 ] 192.168.1.107 /first/androidSync.php/Home/Goods/ajax_goods_type_list/
INFO: [ app_init ] --START--
INFO: Run Behavior\BuildLiteBehavior [ RunTime:0.000000s ]
INFO: [ app_init ] --END-- [ RunTime:0.002000s ]
INFO: [ app_begin ] --START--
INFO: Run Behavior\ReadHtmlCacheBehavior [ RunTime:0.001000s ]
INFO: [ app_begin ] --END-- [ RunTime:0.001000s ]
SQL: SHOW COLUMNS FROM `think_goods_type` [ RunTime:0.0120s ]
SQL: SELECT count(gtypeid) as total FROM `think_goods_type`  [ RunTime:0.0010s ]
NOTIC: [8] Undefined index: total D:\wamp\www\First\AndroidSync\Home\Controller\GoodsController.class.php 第 51 行.
SQL: SELECT * FROM `think_goods_type` ORDER BY gtypeid desc LIMIT 0,16   [ RunTime:0.0020s ]

[ 2015-06-01T17:59:30+08:00 ] 192.168.1.107 /first/androidSync.php/Home/Goods/ajax_goods_type_list/
INFO: [ app_init ] --START--
INFO: Run Behavior\BuildLiteBehavior [ RunTime:0.000000s ]
INFO: [ app_init ] --END-- [ RunTime:0.002000s ]
INFO: [ app_begin ] --START--
INFO: Run Behavior\ReadHtmlCacheBehavior [ RunTime:0.001000s ]
INFO: [ app_begin ] --END-- [ RunTime:0.001000s ]
SQL: SHOW COLUMNS FROM `think_goods_type` [ RunTime:0.0060s ]
SQL: SELECT count(gtypeid) as total FROM `think_goods_type`  [ RunTime:0.0000s ]
NOTIC: [8] Undefined index: total D:\wamp\www\First\AndroidSync\Home\Controller\GoodsController.class.php 第 51 行.
SQL: SELECT * FROM `think_goods_type` ORDER BY gtypeid desc LIMIT 0,16   [ RunTime:0.0000s ]

[ 2015-06-01T18:06:03+08:00 ] 192.168.1.100 /first/androidSync.php/Home/Goods/ajax_goods_type_list/
INFO: [ app_init ] --START--
INFO: Run Behavior\BuildLiteBehavior [ RunTime:0.000000s ]
INFO: [ app_init ] --END-- [ RunTime:0.001000s ]
INFO: [ app_begin ] --START--
INFO: Run Behavior\ReadHtmlCacheBehavior [ RunTime:0.001000s ]
INFO: [ app_begin ] --END-- [ RunTime:0.001000s ]
SQL: SHOW COLUMNS FROM `think_goods_type` [ RunTime:0.0100s ]
SQL: SELECT count(gtypeid) as total FROM `think_goods_type`  [ RunTime:0.0010s ]
NOTIC: [8] Undefined index: total D:\wamp\www\First\AndroidSync\Home\Controller\GoodsController.class.php 第 51 行.
SQL: SELECT * FROM `think_goods_type` ORDER BY gtypeid desc LIMIT 0,16   [ RunTime:0.0010s ]

