[ 2015-04-27T15:09:15+08:00 ] 127.0.0.1 /first/androidSync.php
INFO: [ app_init ] --START--
INFO: Run Behavior\BuildLiteBehavior [ RunTime:0.000000s ]
INFO: [ app_init ] --END-- [ RunTime:0.066004s ]
INFO: [ app_begin ] --START--
INFO: Run Behavior\ReadHtmlCacheBehavior [ RunTime:0.028002s ]
INFO: [ app_begin ] --END-- [ RunTime:0.028002s ]
INFO: [ view_parse ] --START--
INFO: [ template_filter ] --START--
INFO: Run Behavior\ContentReplaceBehavior [ RunTime:0.000000s ]
INFO: [ template_filter ] --END-- [ RunTime:0.000000s ]
INFO: Run Behavior\ParseTemplateBehavior [ RunTime:0.100005s ]
INFO: [ view_parse ] --END-- [ RunTime:0.101006s ]
INFO: [ view_filter ] --START--
INFO: Run Behavior\WriteHtmlCacheBehavior [ RunTime:0.023001s ]
INFO: [ view_filter ] --END-- [ RunTime:0.023001s ]
INFO: [ app_end ] --START--
INFO: Run Behavior\ShowPageTraceBehavior [ RunTime:0.024001s ]
INFO: [ app_end ] --END-- [ RunTime:0.025001s ]

[ 2015-04-27T19:35:30+08:00 ] 192.168.1.102 /first/androidSync.php/Home/User/register
INFO: [ app_init ] --START--
INFO: Run Behavior\BuildLiteBehavior [ RunTime:0.000000s ]
INFO: [ app_init ] --END-- [ RunTime:0.008001s ]
INFO: [ app_begin ] --START--
INFO: Run Behavior\ReadHtmlCacheBehavior [ RunTime:0.011001s ]
INFO: [ app_begin ] --END-- [ RunTime:0.012001s ]
SQL: SHOW COLUMNS FROM `think_user` [ RunTime:0.3380s ]
NOTIC: [8] Trying to get property of non-object D:\wamp\www\First\AndroidSync\Home\Controller\UserController.class.php 第 97 行.
NOTIC: [8] Trying to get property of non-object D:\wamp\www\First\AndroidSync\Home\Controller\UserController.class.php 第 98 行.
NOTIC: [8] Trying to get property of non-object D:\wamp\www\First\AndroidSync\Home\Controller\UserController.class.php 第 99 行.
NOTIC: [8] Trying to get property of non-object D:\wamp\www\First\AndroidSync\Home\Controller\UserController.class.php 第 100 行.
SQL: SELECT * FROM `think_user` WHERE `username` = null OR `email` = null  [ RunTime:0.0960s ]
NOTIC: [8] Trying to get property of non-object D:\wamp\www\First\AndroidSync\Home\Controller\UserController.class.php 第 49 行.
NOTIC: [8] Trying to get property of non-object D:\wamp\www\First\AndroidSync\Home\Controller\UserController.class.php 第 50 行.
NOTIC: [8] Trying to get property of non-object D:\wamp\www\First\AndroidSync\Home\Controller\UserController.class.php 第 51 行.
NOTIC: [8] Trying to get property of non-object D:\wamp\www\First\AndroidSync\Home\Controller\UserController.class.php 第 52 行.
NOTIC: [8] Trying to get property of non-object D:\wamp\www\First\AndroidSync\Home\Controller\UserController.class.php 第 53 行.
NOTIC: [8] Trying to get property of non-object D:\wamp\www\First\AndroidSync\Home\Controller\UserController.class.php 第 54 行.
NOTIC: [8] Trying to get property of non-object D:\wamp\www\First\AndroidSync\Home\Controller\UserController.class.php 第 55 行.
ERR: SQLSTATE[23000]: Integrity constraint violation: 1048 Le champ 'username' ne peut être vide (null)

[ 2015-04-27T19:36:01+08:00 ] 192.168.1.102 /first/androidSync.php/Home/User/register
INFO: [ app_init ] --START--
INFO: Run Behavior\BuildLiteBehavior [ RunTime:0.000000s ]
INFO: [ app_init ] --END-- [ RunTime:0.000000s ]
INFO: [ app_begin ] --START--
INFO: Run Behavior\ReadHtmlCacheBehavior [ RunTime:0.000000s ]
INFO: [ app_begin ] --END-- [ RunTime:0.001000s ]
SQL: SHOW COLUMNS FROM `think_user` [ RunTime:0.0230s ]
NOTIC: [8] Trying to get property of non-object D:\wamp\www\First\AndroidSync\Home\Controller\UserController.class.php 第 97 行.
NOTIC: [8] Trying to get property of non-object D:\wamp\www\First\AndroidSync\Home\Controller\UserController.class.php 第 98 行.
NOTIC: [8] Trying to get property of non-object D:\wamp\www\First\AndroidSync\Home\Controller\UserController.class.php 第 99 行.
NOTIC: [8] Trying to get property of non-object D:\wamp\www\First\AndroidSync\Home\Controller\UserController.class.php 第 100 行.
SQL: SELECT * FROM `think_user` WHERE `username` = null OR `email` = null  [ RunTime:0.0000s ]
NOTIC: [8] Trying to get property of non-object D:\wamp\www\First\AndroidSync\Home\Controller\UserController.class.php 第 49 行.
NOTIC: [8] Trying to get property of non-object D:\wamp\www\First\AndroidSync\Home\Controller\UserController.class.php 第 50 行.
NOTIC: [8] Trying to get property of non-object D:\wamp\www\First\AndroidSync\Home\Controller\UserController.class.php 第 51 行.
NOTIC: [8] Trying to get property of non-object D:\wamp\www\First\AndroidSync\Home\Controller\UserController.class.php 第 52 行.
NOTIC: [8] Trying to get property of non-object D:\wamp\www\First\AndroidSync\Home\Controller\UserController.class.php 第 53 行.
NOTIC: [8] Trying to get property of non-object D:\wamp\www\First\AndroidSync\Home\Controller\UserController.class.php 第 54 行.
NOTIC: [8] Trying to get property of non-object D:\wamp\www\First\AndroidSync\Home\Controller\UserController.class.php 第 55 行.
ERR: SQLSTATE[23000]: Integrity constraint violation: 1048 Le champ 'username' ne peut être vide (null)

[ 2015-04-27T19:40:21+08:00 ] 192.168.1.102 /first/androidSync.php/Home/User/register
INFO: [ app_init ] --START--
INFO: Run Behavior\BuildLiteBehavior [ RunTime:0.001000s ]
INFO: [ app_init ] --END-- [ RunTime:0.001000s ]
INFO: [ app_begin ] --START--
INFO: Run Behavior\ReadHtmlCacheBehavior [ RunTime:0.000000s ]
INFO: [ app_begin ] --END-- [ RunTime:0.000000s ]
SQL: SHOW COLUMNS FROM `think_user` [ RunTime:0.0120s ]
NOTIC: [8] Trying to get property of non-object D:\wamp\www\First\AndroidSync\Home\Controller\UserController.class.php 第 97 行.
NOTIC: [8] Trying to get property of non-object D:\wamp\www\First\AndroidSync\Home\Controller\UserController.class.php 第 98 行.
NOTIC: [8] Trying to get property of non-object D:\wamp\www\First\AndroidSync\Home\Controller\UserController.class.php 第 99 行.
NOTIC: [8] Trying to get property of non-object D:\wamp\www\First\AndroidSync\Home\Controller\UserController.class.php 第 100 行.
SQL: SELECT * FROM `think_user` WHERE `username` = null OR `email` = null  [ RunTime:0.0000s ]
NOTIC: [8] Trying to get property of non-object D:\wamp\www\First\AndroidSync\Home\Controller\UserController.class.php 第 49 行.
NOTIC: [8] Trying to get property of non-object D:\wamp\www\First\AndroidSync\Home\Controller\UserController.class.php 第 50 行.
NOTIC: [8] Trying to get property of non-object D:\wamp\www\First\AndroidSync\Home\Controller\UserController.class.php 第 51 行.
NOTIC: [8] Trying to get property of non-object D:\wamp\www\First\AndroidSync\Home\Controller\UserController.class.php 第 52 行.
NOTIC: [8] Trying to get property of non-object D:\wamp\www\First\AndroidSync\Home\Controller\UserController.class.php 第 53 行.
NOTIC: [8] Trying to get property of non-object D:\wamp\www\First\AndroidSync\Home\Controller\UserController.class.php 第 54 行.
NOTIC: [8] Trying to get property of non-object D:\wamp\www\First\AndroidSync\Home\Controller\UserController.class.php 第 55 行.
ERR: SQLSTATE[23000]: Integrity constraint violation: 1048 Le champ 'username' ne peut être vide (null)

[ 2015-04-27T19:42:21+08:00 ] 192.168.1.102 /first/androidSync.php/Home/User/register
INFO: [ app_init ] --START--
INFO: Run Behavior\BuildLiteBehavior [ RunTime:0.000000s ]
INFO: [ app_init ] --END-- [ RunTime:0.008001s ]
INFO: [ app_begin ] --START--
INFO: Run Behavior\ReadHtmlCacheBehavior [ RunTime:0.030002s ]
INFO: [ app_begin ] --END-- [ RunTime:0.030002s ]
SQL: SHOW COLUMNS FROM `think_user` [ RunTime:0.0130s ]
NOTIC: [8] Trying to get property of non-object D:\wamp\www\First\AndroidSync\Home\Controller\UserController.class.php 第 97 行.
NOTIC: [8] Trying to get property of non-object D:\wamp\www\First\AndroidSync\Home\Controller\UserController.class.php 第 98 行.
NOTIC: [8] Trying to get property of non-object D:\wamp\www\First\AndroidSync\Home\Controller\UserController.class.php 第 99 行.
NOTIC: [8] Trying to get property of non-object D:\wamp\www\First\AndroidSync\Home\Controller\UserController.class.php 第 100 行.
SQL: SELECT * FROM `think_user` WHERE `username` = null OR `email` = null  [ RunTime:0.0000s ]
NOTIC: [8] Trying to get property of non-object D:\wamp\www\First\AndroidSync\Home\Controller\UserController.class.php 第 49 行.
NOTIC: [8] Trying to get property of non-object D:\wamp\www\First\AndroidSync\Home\Controller\UserController.class.php 第 50 行.
NOTIC: [8] Trying to get property of non-object D:\wamp\www\First\AndroidSync\Home\Controller\UserController.class.php 第 51 行.
NOTIC: [8] Trying to get property of non-object D:\wamp\www\First\AndroidSync\Home\Controller\UserController.class.php 第 52 行.
NOTIC: [8] Trying to get property of non-object D:\wamp\www\First\AndroidSync\Home\Controller\UserController.class.php 第 53 行.
NOTIC: [8] Trying to get property of non-object D:\wamp\www\First\AndroidSync\Home\Controller\UserController.class.php 第 54 行.
NOTIC: [8] Trying to get property of non-object D:\wamp\www\First\AndroidSync\Home\Controller\UserController.class.php 第 55 行.
ERR: SQLSTATE[23000]: Integrity constraint violation: 1048 Le champ 'username' ne peut être vide (null)

[ 2015-04-27T19:42:42+08:00 ] 192.168.1.102 /first/androidSync.php/Home/User/register
INFO: [ app_init ] --START--
INFO: Run Behavior\BuildLiteBehavior [ RunTime:0.000000s ]
INFO: [ app_init ] --END-- [ RunTime:0.001000s ]
INFO: [ app_begin ] --START--
INFO: Run Behavior\ReadHtmlCacheBehavior [ RunTime:0.001000s ]
INFO: [ app_begin ] --END-- [ RunTime:0.001000s ]
SQL: SHOW COLUMNS FROM `think_user` [ RunTime:0.0150s ]
NOTIC: [8] Trying to get property of non-object D:\wamp\www\First\AndroidSync\Home\Controller\UserController.class.php 第 97 行.
NOTIC: [8] Trying to get property of non-object D:\wamp\www\First\AndroidSync\Home\Controller\UserController.class.php 第 98 行.
NOTIC: [8] Trying to get property of non-object D:\wamp\www\First\AndroidSync\Home\Controller\UserController.class.php 第 99 行.
NOTIC: [8] Trying to get property of non-object D:\wamp\www\First\AndroidSync\Home\Controller\UserController.class.php 第 100 行.
SQL: SELECT * FROM `think_user` WHERE `username` = null OR `email` = null  [ RunTime:0.0000s ]
NOTIC: [8] Trying to get property of non-object D:\wamp\www\First\AndroidSync\Home\Controller\UserController.class.php 第 49 行.
NOTIC: [8] Trying to get property of non-object D:\wamp\www\First\AndroidSync\Home\Controller\UserController.class.php 第 50 行.
NOTIC: [8] Trying to get property of non-object D:\wamp\www\First\AndroidSync\Home\Controller\UserController.class.php 第 51 行.
NOTIC: [8] Trying to get property of non-object D:\wamp\www\First\AndroidSync\Home\Controller\UserController.class.php 第 52 行.
NOTIC: [8] Trying to get property of non-object D:\wamp\www\First\AndroidSync\Home\Controller\UserController.class.php 第 53 行.
NOTIC: [8] Trying to get property of non-object D:\wamp\www\First\AndroidSync\Home\Controller\UserController.class.php 第 54 行.
NOTIC: [8] Trying to get property of non-object D:\wamp\www\First\AndroidSync\Home\Controller\UserController.class.php 第 55 行.
ERR: SQLSTATE[23000]: Integrity constraint violation: 1048 Le champ 'username' ne peut être vide (null)

[ 2015-04-27T19:44:19+08:00 ] 192.168.1.102 /first/androidSync.php/Home/User/register
INFO: [ app_init ] --START--
INFO: Run Behavior\BuildLiteBehavior [ RunTime:0.000000s ]
INFO: [ app_init ] --END-- [ RunTime:0.000000s ]
INFO: [ app_begin ] --START--
INFO: Run Behavior\ReadHtmlCacheBehavior [ RunTime:0.000000s ]
INFO: [ app_begin ] --END-- [ RunTime:0.001000s ]
SQL: SHOW COLUMNS FROM `think_user` [ RunTime:0.0040s ]
NOTIC: [8] Trying to get property of non-object D:\wamp\www\First\AndroidSync\Home\Controller\UserController.class.php 第 98 行.
NOTIC: [8] Trying to get property of non-object D:\wamp\www\First\AndroidSync\Home\Controller\UserController.class.php 第 99 行.
NOTIC: [8] Trying to get property of non-object D:\wamp\www\First\AndroidSync\Home\Controller\UserController.class.php 第 100 行.
NOTIC: [8] Trying to get property of non-object D:\wamp\www\First\AndroidSync\Home\Controller\UserController.class.php 第 101 行.
SQL: SELECT * FROM `think_user` WHERE `username` = null OR `email` = null  [ RunTime:0.0010s ]
NOTIC: [8] Trying to get property of non-object D:\wamp\www\First\AndroidSync\Home\Controller\UserController.class.php 第 50 行.
NOTIC: [8] Trying to get property of non-object D:\wamp\www\First\AndroidSync\Home\Controller\UserController.class.php 第 51 行.
NOTIC: [8] Trying to get property of non-object D:\wamp\www\First\AndroidSync\Home\Controller\UserController.class.php 第 52 行.
NOTIC: [8] Trying to get property of non-object D:\wamp\www\First\AndroidSync\Home\Controller\UserController.class.php 第 53 行.
NOTIC: [8] Trying to get property of non-object D:\wamp\www\First\AndroidSync\Home\Controller\UserController.class.php 第 54 行.
NOTIC: [8] Trying to get property of non-object D:\wamp\www\First\AndroidSync\Home\Controller\UserController.class.php 第 55 行.
NOTIC: [8] Trying to get property of non-object D:\wamp\www\First\AndroidSync\Home\Controller\UserController.class.php 第 56 行.
ERR: SQLSTATE[23000]: Integrity constraint violation: 1048 Le champ 'username' ne peut être vide (null)

[ 2015-04-27T19:45:23+08:00 ] 192.168.1.102 /first/androidSync.php/Home/User/register
INFO: [ app_init ] --START--
INFO: Run Behavior\BuildLiteBehavior [ RunTime:0.000000s ]
INFO: [ app_init ] --END-- [ RunTime:0.001000s ]
INFO: [ app_begin ] --START--
INFO: Run Behavior\ReadHtmlCacheBehavior [ RunTime:0.001001s ]
INFO: [ app_begin ] --END-- [ RunTime:0.001001s ]
SQL: SHOW COLUMNS FROM `think_user` [ RunTime:0.0040s ]
NOTIC: [8] Undefined property: stdClass::$phone D:\wamp\www\First\AndroidSync\Home\Controller\UserController.class.php 第 99 行.
SQL: SELECT * FROM `think_user` WHERE `username` = 'qwert' OR `email` = '1095959728@qq.com'  [ RunTime:0.0000s ]
NOTIC: [8] Undefined property: stdClass::$phone D:\wamp\www\First\AndroidSync\Home\Controller\UserController.class.php 第 52 行.
NOTIC: [8] Undefined property: stdClass::$authinfo D:\wamp\www\First\AndroidSync\Home\Controller\UserController.class.php 第 53 行.
NOTIC: [8] Undefined property: stdClass::$info D:\wamp\www\First\AndroidSync\Home\Controller\UserController.class.php 第 55 行.
ERR: SQLSTATE[23000]: Integrity constraint violation: 1048 Le champ 'phonenum' ne peut être vide (null)

[ 2015-04-27T19:49:15+08:00 ] 192.168.1.102 /first/androidSync.php/Home/User/register/
INFO: [ app_init ] --START--
INFO: Run Behavior\BuildLiteBehavior [ RunTime:0.000000s ]
INFO: [ app_init ] --END-- [ RunTime:0.001000s ]
INFO: [ app_begin ] --START--
INFO: Run Behavior\ReadHtmlCacheBehavior [ RunTime:0.001000s ]
INFO: [ app_begin ] --END-- [ RunTime:0.001000s ]
SQL: SHOW COLUMNS FROM `think_user` [ RunTime:0.0140s ]
SQL: SELECT * FROM `think_user` WHERE `username` = 'qwert' OR `email` = '1095959728@qq.com'  [ RunTime:0.0000s ]
NOTIC: [8] Undefined property: stdClass::$authinfo D:\wamp\www\First\AndroidSync\Home\Controller\UserController.class.php 第 53 行.
NOTIC: [8] Undefined property: stdClass::$info D:\wamp\www\First\AndroidSync\Home\Controller\UserController.class.php 第 55 行.
ERR: SQLSTATE[23000]: Integrity constraint violation: 1048 Le champ 'authinfo' ne peut être vide (null)

[ 2015-04-27T19:50:02+08:00 ] 192.168.1.102 /first/androidSync.php/Home/User/register/
INFO: [ app_init ] --START--
INFO: Run Behavior\BuildLiteBehavior [ RunTime:0.000000s ]
INFO: [ app_init ] --END-- [ RunTime:0.001000s ]
INFO: [ app_begin ] --START--
INFO: Run Behavior\ReadHtmlCacheBehavior [ RunTime:0.001000s ]
INFO: [ app_begin ] --END-- [ RunTime:0.001000s ]
SQL: SHOW COLUMNS FROM `think_user` [ RunTime:0.0100s ]
SQL: SELECT * FROM `think_user` WHERE `username` = 'qwert' OR `email` = '1095959728@qq.com'  [ RunTime:0.0000s ]
SQL: INSERT INTO `think_user` (`username`,`password`,`email`,`phonenum`,`photo`) VALUES ('qwert','123456','1095959728@qq.com','','http://192.168.1.102/first/image/temp_photo.jpg') [ RunTime:0.2840s ]
INFO: [ app_end ] --START--
INFO: Run Behavior\ShowPageTraceBehavior [ RunTime:0.080005s ]
INFO: [ app_end ] --END-- [ RunTime:0.080005s ]

[ 2015-04-27T19:50:12+08:00 ] 192.168.1.102 /first/androidSync.php/Home/User/register/
INFO: [ app_init ] --START--
INFO: Run Behavior\BuildLiteBehavior [ RunTime:0.000000s ]
INFO: [ app_init ] --END-- [ RunTime:0.001000s ]
INFO: [ app_begin ] --START--
INFO: Run Behavior\ReadHtmlCacheBehavior [ RunTime:0.000000s ]
INFO: [ app_begin ] --END-- [ RunTime:0.001000s ]
SQL: SHOW COLUMNS FROM `think_user` [ RunTime:0.0130s ]
SQL: SELECT * FROM `think_user` WHERE `username` = 'qwert' OR `email` = '1095959728@qq.com'  [ RunTime:0.0010s ]
INFO: [ app_end ] --START--
INFO: Run Behavior\ShowPageTraceBehavior [ RunTime:0.001000s ]
INFO: [ app_end ] --END-- [ RunTime:0.001000s ]

