[ 2015-05-26T09:54:21+08:00 ] 127.0.0.1 /first/admin.php
INFO: [ app_init ] --START--
INFO: Run Behavior\BuildLiteBehavior [ RunTime:0.000000s ]
INFO: [ app_init ] --END-- [ RunTime:0.001000s ]
INFO: [ app_begin ] --START--
INFO: Run Behavior\ReadHtmlCacheBehavior [ RunTime:0.000000s ]
INFO: [ app_begin ] --END-- [ RunTime:0.001000s ]
INFO: [ view_parse ] --START--
INFO: Run Behavior\ParseTemplateBehavior [ RunTime:0.028002s ]
INFO: [ view_parse ] --END-- [ RunTime:0.030002s ]
INFO: [ view_filter ] --START--
INFO: Run Behavior\WriteHtmlCacheBehavior [ RunTime:0.001000s ]
INFO: [ view_filter ] --END-- [ RunTime:0.001000s ]
INFO: [ app_end ] --START--
INFO: Run Behavior\ShowPageTraceBehavior [ RunTime:0.002000s ]
INFO: [ app_end ] --END-- [ RunTime:0.002000s ]

[ 2015-05-26T09:56:08+08:00 ] 127.0.0.1 /first/admin.php/Home/Admin/admin
INFO: [ app_init ] --START--
INFO: Run Behavior\BuildLiteBehavior [ RunTime:0.000000s ]
INFO: [ app_init ] --END-- [ RunTime:0.001000s ]
INFO: [ app_begin ] --START--
INFO: Run Behavior\ReadHtmlCacheBehavior [ RunTime:0.001000s ]
INFO: [ app_begin ] --END-- [ RunTime:0.001000s ]

[ 2015-05-26T09:56:09+08:00 ] 127.0.0.1 /first/admin.php/Home/Admin/index
INFO: [ app_init ] --START--
INFO: Run Behavior\BuildLiteBehavior [ RunTime:0.000000s ]
INFO: [ app_init ] --END-- [ RunTime:0.001000s ]
INFO: [ app_begin ] --START--
INFO: Run Behavior\ReadHtmlCacheBehavior [ RunTime:0.001000s ]
INFO: [ app_begin ] --END-- [ RunTime:0.001000s ]
INFO: [ view_parse ] --START--
INFO: [ template_filter ] --START--
INFO: Run Behavior\ContentReplaceBehavior [ RunTime:0.000000s ]
INFO: [ template_filter ] --END-- [ RunTime:0.001000s ]
NOTIC: [8] Use of undefined constant Admin - assumed 'Admin' D:\wamp\www\First\Admin\Runtime\Cache\Home\c09665db8c8380dc4786202d054ddd84.php 第 24 行.
NOTIC: [8] Use of undefined constant ajax_login - assumed 'ajax_login' D:\wamp\www\First\Admin\Runtime\Cache\Home\c09665db8c8380dc4786202d054ddd84.php 第 24 行.
NOTIC: [2] Division by zero D:\wamp\www\First\Admin\Runtime\Cache\Home\c09665db8c8380dc4786202d054ddd84.php 第 24 行.
INFO: Run Behavior\ParseTemplateBehavior [ RunTime:0.044003s ]
INFO: [ view_parse ] --END-- [ RunTime:0.045003s ]
INFO: [ view_filter ] --START--
INFO: Run Behavior\WriteHtmlCacheBehavior [ RunTime:0.000000s ]
INFO: [ view_filter ] --END-- [ RunTime:0.001000s ]
INFO: [ app_end ] --START--
INFO: Run Behavior\ShowPageTraceBehavior [ RunTime:0.001000s ]
INFO: [ app_end ] --END-- [ RunTime:0.001000s ]

[ 2015-05-26T09:56:09+08:00 ] 127.0.0.1 /first/admin.php/Public/simple/images/a_login3.jpg
INFO: [ app_init ] --START--
INFO: Run Behavior\BuildLiteBehavior [ RunTime:0.000000s ]
INFO: [ app_init ] --END-- [ RunTime:0.001000s ]

[ 2015-05-26T09:56:09+08:00 ] 127.0.0.1 /first/admin.php/Public/simple/images/a_login2.jpg
INFO: [ app_init ] --START--
INFO: Run Behavior\BuildLiteBehavior [ RunTime:0.000000s ]
INFO: [ app_init ] --END-- [ RunTime:0.002000s ]

[ 2015-05-26T09:56:09+08:00 ] 127.0.0.1 /first/admin.php/Home/Admin/get_code
INFO: [ app_init ] --START--
INFO: Run Behavior\BuildLiteBehavior [ RunTime:0.000000s ]
INFO: [ app_init ] --END-- [ RunTime:0.000000s ]
INFO: [ app_begin ] --START--
INFO: Run Behavior\ReadHtmlCacheBehavior [ RunTime:0.001000s ]
INFO: [ app_begin ] --END-- [ RunTime:0.001000s ]
INFO: [ app_end ] --START--
INFO: Run Behavior\ShowPageTraceBehavior [ RunTime:0.002000s ]
INFO: [ app_end ] --END-- [ RunTime:0.003000s ]

[ 2015-05-26T09:56:27+08:00 ] 127.0.0.1 /first/admin.php/Home/Admin/ajax_login?username=1234567&password=123456&code=5042
INFO: [ app_init ] --START--
INFO: Run Behavior\BuildLiteBehavior [ RunTime:0.000000s ]
INFO: [ app_init ] --END-- [ RunTime:0.000000s ]
INFO: [ app_begin ] --START--
INFO: Run Behavior\ReadHtmlCacheBehavior [ RunTime:0.001000s ]
INFO: [ app_begin ] --END-- [ RunTime:0.001000s ]
SQL: SHOW COLUMNS FROM `think_user` [ RunTime:0.0780s ]
SQL: SELECT * FROM `think_user` WHERE ( username = '1234567' and password = '123456' ) LIMIT 1   [ RunTime:0.0000s ]

[ 2015-05-26T09:56:27+08:00 ] 127.0.0.1 /first/admin.php/Home/Admin/admin
INFO: [ app_init ] --START--
INFO: Run Behavior\BuildLiteBehavior [ RunTime:0.001000s ]
INFO: [ app_init ] --END-- [ RunTime:0.002000s ]
INFO: [ app_begin ] --START--
INFO: Run Behavior\ReadHtmlCacheBehavior [ RunTime:0.001000s ]
INFO: [ app_begin ] --END-- [ RunTime:0.001000s ]
INFO: [ view_parse ] --START--
INFO: [ template_filter ] --START--
INFO: Run Behavior\ContentReplaceBehavior [ RunTime:0.000000s ]
INFO: [ template_filter ] --END-- [ RunTime:0.001000s ]
INFO: Run Behavior\ParseTemplateBehavior [ RunTime:0.016001s ]
INFO: [ view_parse ] --END-- [ RunTime:0.016001s ]
INFO: [ view_filter ] --START--
INFO: Run Behavior\WriteHtmlCacheBehavior [ RunTime:0.000000s ]
INFO: [ view_filter ] --END-- [ RunTime:0.000000s ]
INFO: [ app_end ] --START--
INFO: Run Behavior\ShowPageTraceBehavior [ RunTime:0.000000s ]
INFO: [ app_end ] --END-- [ RunTime:0.000000s ]

[ 2015-05-26T09:56:27+08:00 ] 127.0.0.1 /first/admin.php/Home/Admin/ajax_menu_list
INFO: [ app_init ] --START--
INFO: Run Behavior\BuildLiteBehavior [ RunTime:0.000000s ]
INFO: [ app_init ] --END-- [ RunTime:0.000000s ]
INFO: [ app_begin ] --START--
INFO: Run Behavior\ReadHtmlCacheBehavior [ RunTime:0.001000s ]
INFO: [ app_begin ] --END-- [ RunTime:0.001000s ]

[ 2015-05-26T09:59:59+08:00 ] 127.0.0.1 /first/admin.php/Home/Admin/ajax_goods_type_list?random=0.918643650598824
INFO: [ app_init ] --START--
INFO: Run Behavior\BuildLiteBehavior [ RunTime:0.001000s ]
INFO: [ app_init ] --END-- [ RunTime:0.001000s ]
INFO: [ app_begin ] --START--
INFO: Run Behavior\ReadHtmlCacheBehavior [ RunTime:0.001000s ]
INFO: [ app_begin ] --END-- [ RunTime:0.001000s ]
SQL: SHOW COLUMNS FROM `think_goods_type` [ RunTime:0.0390s ]
SQL: SELECT count(gtypeid) as total FROM `think_goods_type`  [ RunTime:0.0660s ]
NOTIC: [8] Undefined index: total D:\wamp\www\First\Admin\Home\Controller\AdminController.class.php 第 357 行.
SQL: SELECT * FROM `think_goods_type` ORDER BY gtypeid desc LIMIT 0,16   [ RunTime:0.0010s ]

[ 2015-05-26T10:00:07+08:00 ] 127.0.0.1 /first/admin.php/Home/Admin/ajax_goods_list?gtypeid=29&random=0.30672636441886425
INFO: [ app_init ] --START--
INFO: Run Behavior\BuildLiteBehavior [ RunTime:0.000000s ]
INFO: [ app_init ] --END-- [ RunTime:0.001000s ]
INFO: [ app_begin ] --START--
INFO: Run Behavior\ReadHtmlCacheBehavior [ RunTime:0.001000s ]
INFO: [ app_begin ] --END-- [ RunTime:0.001000s ]
SQL: SHOW COLUMNS FROM `think_goods` [ RunTime:0.0442s ]
SQL: SELECT count(gid) as total FROM `think_goods`  [ RunTime:0.0000s ]
NOTIC: [8] Undefined index: total D:\wamp\www\First\Admin\Home\Controller\AdminController.class.php 第 375 行.
SQL: SELECT * FROM `think_goods` WHERE `gtypeid` = 29 ORDER BY gid desc LIMIT 0,16   [ RunTime:0.0000s ]

[ 2015-05-26T10:00:10+08:00 ] 127.0.0.1 /first/admin.php/Home/Admin/ajax_goods_list?random=0.886111916275695
INFO: [ app_init ] --START--
INFO: Run Behavior\BuildLiteBehavior [ RunTime:0.000000s ]
INFO: [ app_init ] --END-- [ RunTime:0.000000s ]
INFO: [ app_begin ] --START--
INFO: Run Behavior\ReadHtmlCacheBehavior [ RunTime:0.001000s ]
INFO: [ app_begin ] --END-- [ RunTime:0.001000s ]
SQL: SHOW COLUMNS FROM `think_goods` [ RunTime:0.0020s ]
SQL: SELECT count(gid) as total FROM `think_goods`  [ RunTime:0.0000s ]
NOTIC: [8] Undefined index: total D:\wamp\www\First\Admin\Home\Controller\AdminController.class.php 第 375 行.
SQL: SELECT * FROM `think_goods` WHERE `gtypeid` = 29 ORDER BY gid desc LIMIT 0,16   [ RunTime:0.0000s ]

[ 2015-05-26T10:00:17+08:00 ] 127.0.0.1 /first/admin.php/Home/Admin/ajax_goods_type_list?random=0.35546902334317565
INFO: [ app_init ] --START--
INFO: Run Behavior\BuildLiteBehavior [ RunTime:0.001000s ]
INFO: [ app_init ] --END-- [ RunTime:0.001000s ]
INFO: [ app_begin ] --START--
INFO: Run Behavior\ReadHtmlCacheBehavior [ RunTime:0.001000s ]
INFO: [ app_begin ] --END-- [ RunTime:0.001000s ]
SQL: SHOW COLUMNS FROM `think_goods_type` [ RunTime:0.0020s ]
SQL: SELECT count(gtypeid) as total FROM `think_goods_type`  [ RunTime:0.0000s ]
NOTIC: [8] Undefined index: total D:\wamp\www\First\Admin\Home\Controller\AdminController.class.php 第 357 行.
SQL: SELECT * FROM `think_goods_type` ORDER BY gtypeid desc LIMIT 0,16   [ RunTime:0.0010s ]

[ 2015-05-26T10:00:29+08:00 ] 127.0.0.1 /first/admin.php/Home/Admin/ajax_goods_list?gtypeid=29&random=0.27574869617819786
INFO: [ app_init ] --START--
INFO: Run Behavior\BuildLiteBehavior [ RunTime:0.000000s ]
INFO: [ app_init ] --END-- [ RunTime:0.000000s ]
INFO: [ app_begin ] --START--
INFO: Run Behavior\ReadHtmlCacheBehavior [ RunTime:0.000000s ]
INFO: [ app_begin ] --END-- [ RunTime:0.001000s ]
SQL: SHOW COLUMNS FROM `think_goods` [ RunTime:0.0040s ]
SQL: SELECT count(gid) as total FROM `think_goods`  [ RunTime:0.0000s ]
NOTIC: [8] Undefined index: total D:\wamp\www\First\Admin\Home\Controller\AdminController.class.php 第 375 行.
SQL: SELECT * FROM `think_goods` WHERE `gtypeid` = 29 ORDER BY gid desc LIMIT 0,16   [ RunTime:0.0010s ]

[ 2015-05-26T10:00:34+08:00 ] 127.0.0.1 /first/admin.php/Home/Admin/ajax_goods_list?random=0.36092289281077683
INFO: [ app_init ] --START--
INFO: Run Behavior\BuildLiteBehavior [ RunTime:0.000000s ]
INFO: [ app_init ] --END-- [ RunTime:0.000000s ]
INFO: [ app_begin ] --START--
INFO: Run Behavior\ReadHtmlCacheBehavior [ RunTime:0.000000s ]
INFO: [ app_begin ] --END-- [ RunTime:0.000000s ]
SQL: SHOW COLUMNS FROM `think_goods` [ RunTime:0.0030s ]
SQL: SELECT count(gid) as total FROM `think_goods`  [ RunTime:0.0000s ]
NOTIC: [8] Undefined index: total D:\wamp\www\First\Admin\Home\Controller\AdminController.class.php 第 375 行.
SQL: SELECT * FROM `think_goods` WHERE `gtypeid` = 29 ORDER BY gid desc LIMIT 0,16   [ RunTime:0.0000s ]

[ 2015-05-26T10:00:42+08:00 ] 127.0.0.1 /first/admin.php/Home/Admin/ajax_goods_type_list?random=0.5429237091448158
INFO: [ app_init ] --START--
INFO: Run Behavior\BuildLiteBehavior [ RunTime:0.000000s ]
INFO: [ app_init ] --END-- [ RunTime:0.001000s ]
INFO: [ app_begin ] --START--
INFO: Run Behavior\ReadHtmlCacheBehavior [ RunTime:0.000000s ]
INFO: [ app_begin ] --END-- [ RunTime:0.001000s ]
SQL: SHOW COLUMNS FROM `think_goods_type` [ RunTime:0.0050s ]
SQL: SELECT count(gtypeid) as total FROM `think_goods_type`  [ RunTime:0.0000s ]
NOTIC: [8] Undefined index: total D:\wamp\www\First\Admin\Home\Controller\AdminController.class.php 第 357 行.
SQL: SELECT * FROM `think_goods_type` ORDER BY gtypeid desc LIMIT 0,16   [ RunTime:0.0000s ]

